Added Component: Designator=D2(DIONM5436X244N)
Add component (AddParameter): Name = "Arrow Part Number"; Value = "SMBJ8.0CA-Q"; VariantName = "[No Variations]"
Add component (AddParameter): Name = "Arrow Price/Stock"; Value = "https://www.arrow.com/en/products/smbj8.0ca-q/bourns?region=nac"; VariantName = "[No Variations]"
Add component (AddParameter): Name = "Datasheet Link"; Value = "https://www.bourns.com/docs/Product-Datasheets/SMBJ-Q.pdf"; VariantName = "[No Variations]"
Add component (AddParameter): Name = "Height"; Value = "2.44mm"; VariantName = "[No Variations]"
Add component (AddParameter): Name = "Manufacturer_Name"; Value = "Bourns"; VariantName = "[No Variations]"
Add component (AddParameter): Name = "Manufacturer_Part_Number"; Value = "SMBJ8.0CA-Q"; VariantName = "[No Variations]"
Added Component: Designator=D3(DIONM5436X244N)
Add component (AddParameter): Name = "Arrow Part Number"; Value = "SMBJ8.0CA-Q"; VariantName = "[No Variations]"
Add component (AddParameter): Name = "Arrow Price/Stock"; Value = "https://www.arrow.com/en/products/smbj8.0ca-q/bourns?region=nac"; VariantName = "[No Variations]"
Add component (AddParameter): Name = "Datasheet Link"; Value = "https://www.bourns.com/docs/Product-Datasheets/SMBJ-Q.pdf"; VariantName = "[No Variations]"
Add component (AddParameter): Name = "Height"; Value = "2.44mm"; VariantName = "[No Variations]"
Add component (AddParameter): Name = "Manufacturer_Name"; Value = "Bourns"; VariantName = "[No Variations]"
Add component (AddParameter): Name = "Manufacturer_Part_Number"; Value = "SMBJ8.0CA-Q"; VariantName = "[No Variations]"
Added Component: Designator=D4(DIONM5436X244N)
Add component (AddParameter): Name = "Arrow Part Number"; Value = "SMBJ8.0CA-Q"; VariantName = "[No Variations]"
Add component (AddParameter): Name = "Arrow Price/Stock"; Value = "https://www.arrow.com/en/products/smbj8.0ca-q/bourns?region=nac"; VariantName = "[No Variations]"
Add component (AddParameter): Name = "Datasheet Link"; Value = "https://www.bourns.com/docs/Product-Datasheets/SMBJ-Q.pdf"; VariantName = "[No Variations]"
Add component (AddParameter): Name = "Height"; Value = "2.44mm"; VariantName = "[No Variations]"
Add component (AddParameter): Name = "Manufacturer_Name"; Value = "Bourns"; VariantName = "[No Variations]"
Add component (AddParameter): Name = "Manufacturer_Part_Number"; Value = "SMBJ8.0CA-Q"; VariantName = "[No Variations]"
Added Component: Designator=D5(DIONM5436X244N)
Add component (AddParameter): Name = "Arrow Part Number"; Value = "SMBJ8.0CA-Q"; VariantName = "[No Variations]"
Add component (AddParameter): Name = "Arrow Price/Stock"; Value = "https://www.arrow.com/en/products/smbj8.0ca-q/bourns?region=nac"; VariantName = "[No Variations]"
Add component (AddParameter): Name = "Datasheet Link"; Value = "https://www.bourns.com/docs/Product-Datasheets/SMBJ-Q.pdf"; VariantName = "[No Variations]"
Add component (AddParameter): Name = "Height"; Value = "2.44mm"; VariantName = "[No Variations]"
Add component (AddParameter): Name = "Manufacturer_Name"; Value = "Bourns"; VariantName = "[No Variations]"
Add component (AddParameter): Name = "Manufacturer_Part_Number"; Value = "SMBJ8.0CA-Q"; VariantName = "[No Variations]"
Added Pin To Net: NetName=RS232.CTS Pin=D2-1
Added Pin To Net: NetName=GND Pin=D2-2
Added Pin To Net: NetName=RS232.RTS Pin=D3-1
Added Pin To Net: NetName=GND Pin=D3-2
Added Pin To Net: NetName=RS232.TXD Pin=D4-1
Added Pin To Net: NetName=GND Pin=D4-2
Added Pin To Net: NetName=RS232.RXD Pin=D5-1
Added Pin To Net: NetName=GND Pin=D5-2
Added Member To Class: ClassName=DONGLE02 Member=Component D2 SMBJ8.0CA-Q
Added Member To Class: ClassName=DONGLE02 Member=Component D3 SMBJ8.0CA-Q
Added Member To Class: ClassName=DONGLE02 Member=Component D4 SMBJ8.0CA-Q
Added Member To Class: ClassName=DONGLE02 Member=Component D5 SMBJ8.0CA-Q
