Change Value of Parameter Supplier P/N (Cut Tape) in Part AH1 Old=Supplier P/N (CT) New=Supplier P/N (Cut Tape)
Change Value of Parameter Supplier P/N (Tape & Reel) in Part AH1 Old=Supplier P/N New=Supplier P/N (Tape & Reel)
Change Value of Parameter Supplier P/N (Cut Tape) in Part AH2 Old=Supplier P/N (CT) New=Supplier P/N (Cut Tape)
Change Value of Parameter Supplier P/N (Tape & Reel) in Part AH2 Old=Supplier P/N New=Supplier P/N (Tape & Reel)
Change Value of Parameter Supplier P/N (Cut Tape) in Part C1 Old=Supplier P/N (CT) New=Supplier P/N (Cut Tape)
Change Value of Parameter Supplier P/N (Tape & Reel) in Part C1 Old=Supplier P/N New=Supplier P/N (Tape & Reel)
Change Value of Parameter Supplier P/N (Cut Tape) in Part C2 Old=Supplier P/N (CT) New=Supplier P/N (Cut Tape)
Change Value of Parameter Supplier P/N (Tape & Reel) in Part C2 Old=Supplier P/N New=Supplier P/N (Tape & Reel)
Change Value of Parameter Supplier P/N (Cut Tape) in Part C3 Old=Supplier P/N (CT) New=Supplier P/N (Cut Tape)
Change Value of Parameter Supplier P/N (Tape & Reel) in Part C3 Old=Supplier P/N New=Supplier P/N (Tape & Reel)
Change Value of Parameter Supplier P/N (Cut Tape) in Part C4 Old=Supplier P/N (CT) New=Supplier P/N (Cut Tape)
Change Value of Parameter Supplier P/N (Tape & Reel) in Part C4 Old=Supplier P/N New=Supplier P/N (Tape & Reel)
Change Value of Parameter Supplier P/N (Cut Tape) in Part C5 Old=Supplier P/N (CT) New=Supplier P/N (Cut Tape)
Change Value of Parameter Supplier P/N (Tape & Reel) in Part C5 Old=Supplier P/N New=Supplier P/N (Tape & Reel)
Change Value of Parameter Supplier P/N (Cut Tape) in Part D1 Old=Supplier P/N (CT) New=Supplier P/N (Cut Tape)
Change Value of Parameter Supplier P/N (Tape & Reel) in Part D1 Old=Supplier P/N New=Supplier P/N (Tape & Reel)
Change Value of Parameter Supplier P/N (Cut Tape) in Part J1 Old=Supplier P/N (CT) New=Supplier P/N (Cut Tape)
Change Value of Parameter Supplier P/N (Tape & Reel) in Part J1 Old=Supplier P/N New=Supplier P/N (Tape & Reel)
Change Value of Parameter Supplier P/N (Cut Tape) in Part J2 Old=Supplier P/N (CT) New=Supplier P/N (Cut Tape)
Change Value of Parameter Supplier P/N (Tape & Reel) in Part J2 Old=Supplier P/N New=Supplier P/N (Tape & Reel)
Change Value of Parameter Supplier P/N (Cut Tape) in Part JP1 Old=Supplier P/N (CT) New=Supplier P/N (Cut Tape)
Change Value of Parameter Supplier P/N (Tape & Reel) in Part JP1 Old=Supplier P/N New=Supplier P/N (Tape & Reel)
Change Value of Parameter Supplier P/N (Cut Tape) in Part R1 Old=Supplier P/N (CT) New=Supplier P/N (Cut Tape)
Change Value of Parameter Supplier P/N (Tape & Reel) in Part R1 Old=Supplier P/N New=Supplier P/N (Tape & Reel)
Change Value of Parameter Supplier P/N (Cut Tape) in Part U1 Old=Supplier P/N (CT) New=Supplier P/N (Cut Tape)
Change Value of Parameter Supplier P/N (Tape & Reel) in Part U1 Old=Supplier P/N New=Supplier P/N (Tape & Reel)
