Change component parameters: Designator = "AH1" ("AH1"); Footprint = "AH_2.0MMD"; UniqueID = "\THTHKOPB" ("\THTHKOPB")
Change component parameters (AddParameter): Name = "Datasheet Web"; Value = ""; VariantName = "[No Variations]"
Change component parameters (AddParameter): Name = "Info"; Value = ""; VariantName = "[No Variations]"
Change component parameters (AddParameter): Name = "Manufacturer"; Value = ""; VariantName = "[No Variations]"
Change component parameters (AddParameter): Name = "Manufacturer P/N"; Value = ""; VariantName = "[No Variations]"
Change component parameters (AddParameter): Name = "RefDes"; Value = "RefDes"; VariantName = "[No Variations]"
Change component parameters (AddParameter): Name = "Supplier"; Value = "Digikey"; VariantName = "[No Variations]"
Change component parameters (AddParameter): Name = "Supplier P/N (Cut Tape)"; Value = ""; VariantName = "[No Variations]"
Change component parameters (AddParameter): Name = "Supplier P/N (Tape & Reel)"; Value = ""; VariantName = "[No Variations]"
Change component parameters (AddParameter): Name = "Supplier Web"; Value = ""; VariantName = "[No Variations]"
Change component parameters (AddParameter): Name = "Value"; Value = ""; VariantName = "[No Variations]"
Change component parameters: Designator = "AH2" ("AH2"); Footprint = "AH_2.0MMD"; UniqueID = "\VUDRRVWM" ("\VUDRRVWM")
Change component parameters (AddParameter): Name = "Datasheet Web"; Value = ""; VariantName = "[No Variations]"
Change component parameters (AddParameter): Name = "Info"; Value = ""; VariantName = "[No Variations]"
Change component parameters (AddParameter): Name = "Manufacturer"; Value = ""; VariantName = "[No Variations]"
Change component parameters (AddParameter): Name = "Manufacturer P/N"; Value = ""; VariantName = "[No Variations]"
Change component parameters (AddParameter): Name = "RefDes"; Value = "RefDes"; VariantName = "[No Variations]"
Change component parameters (AddParameter): Name = "Supplier"; Value = "Digikey"; VariantName = "[No Variations]"
Change component parameters (AddParameter): Name = "Supplier P/N (Cut Tape)"; Value = ""; VariantName = "[No Variations]"
Change component parameters (AddParameter): Name = "Supplier P/N (Tape & Reel)"; Value = ""; VariantName = "[No Variations]"
Change component parameters (AddParameter): Name = "Supplier Web"; Value = ""; VariantName = "[No Variations]"
Change component parameters (AddParameter): Name = "Value"; Value = ""; VariantName = "[No Variations]"
Change component parameters: Designator = "C1" ("C1"); Footprint = "C0805"; UniqueID = "\HIJSFVGP" ("\HIJSFVGP")
Change component parameters (AddParameter): Name = "Datasheet Web"; Value = "https://search.murata.co.jp/Ceramy/image/img/A01X/G101/ENG/GCM033R71A103KA03-01A.pdf"; VariantName = "[No Variations]"
Change component parameters (AddParameter): Name = "Info"; Value = "MLCC"; VariantName = "[No Variations]"
Change component parameters (AddParameter): Name = "Manufacturer"; Value = "Murata Electronics"; VariantName = "[No Variations]"
Change component parameters (AddParameter): Name = "Manufacturer P/N"; Value = "GCM21BR72A104KA37L"; VariantName = "[No Variations]"
Change component parameters (AddParameter): Name = "RefDes"; Value = "RefDes"; VariantName = "[No Variations]"
Change component parameters (AddParameter): Name = "Supplier"; Value = "Digikey"; VariantName = "[No Variations]"
Change component parameters (AddParameter): Name = "Supplier P/N (Cut Tape)"; Value = "490-4789-1-ND"; VariantName = "[No Variations]"
Change component parameters (AddParameter): Name = "Supplier P/N (Tape & Reel)"; Value = "490-4789-2-ND"; VariantName = "[No Variations]"
Change component parameters (AddParameter): Name = "Supplier Web"; Value = "https://www.digikey.com/en/products/detail/murata-electronics/GCM21BR72A104KA37L/1641663?s=N4IgTCBcDaIOIGECyYCMAhASgdjAQVQAYAWAaTwGZsAZEAXQF8g"; VariantName = "[No Variations]"
Change component parameters (AddParameter): Name = "Value"; Value = "0.1uF"; VariantName = "[No Variations]"
Change component parameters: Designator = "C2" ("C2"); Footprint = "C0805"; UniqueID = "\VPDVGQFB" ("\VPDVGQFB")
Change component parameters (AddParameter): Name = "Datasheet Web"; Value = "https://content.kemet.com/datasheets/KEM_C1090_X7R_ESD.pdf"; VariantName = "[No Variations]"
Change component parameters (AddParameter): Name = "Info"; Value = "MLCC"; VariantName = "[No Variations]"
Change component parameters (AddParameter): Name = "Manufacturer"; Value = "KEMET"; VariantName = "[No Variations]"
Change component parameters (AddParameter): Name = "Manufacturer P/N"; Value = "C0805C334J3RECAUTO7210"; VariantName = "[No Variations]"
Change component parameters (AddParameter): Name = "RefDes"; Value = "RefDes"; VariantName = "[No Variations]"
Change component parameters (AddParameter): Name = "Supplier"; Value = "Digikey"; VariantName = "[No Variations]"
Change component parameters (AddParameter): Name = "Supplier P/N (Cut Tape)"; Value = "399-C0805C334J3RECAUTO7210CT-ND"; VariantName = "[No Variations]"
Change component parameters (AddParameter): Name = "Supplier P/N (Tape & Reel)"; Value = "399-C0805C334J3RECAUTO7210TR-ND"; VariantName = "[No Variations]"
Change component parameters (AddParameter): Name = "Supplier Web"; Value = "https://www.digikey.com/en/products/detail/kemet/C0805C334J3RECAUTO7210/8647991"; VariantName = "[No Variations]"
Change component parameters (AddParameter): Name = "Value"; Value = "0.33uF"; VariantName = "[No Variations]"
Change component parameters: Designator = "C3" ("C3"); Footprint = "C0805"; UniqueID = "\ROQBIMUM" ("\ROQBIMUM")
Change component parameters (AddParameter): Name = "Datasheet Web"; Value = ""; VariantName = "[No Variations]"
Change component parameters (AddParameter): Name = "Info"; Value = "MLCC"; VariantName = "[No Variations]"
Change component parameters (AddParameter): Name = "Manufacturer"; Value = "Murata Electronics"; VariantName = "[No Variations]"
Change component parameters (AddParameter): Name = "Manufacturer P/N"; Value = "GCM21BR72A104KA37L"; VariantName = "[No Variations]"
Change component parameters (AddParameter): Name = "RefDes"; Value = "RefDes"; VariantName = "[No Variations]"
Change component parameters (AddParameter): Name = "Supplier"; Value = "Digikey"; VariantName = "[No Variations]"
Change component parameters (AddParameter): Name = "Supplier P/N (Cut Tape)"; Value = ""; VariantName = "[No Variations]"
Change component parameters (AddParameter): Name = "Supplier P/N (Tape & Reel)"; Value = "490-4789-6-ND"; VariantName = "[No Variations]"
Change component parameters (AddParameter): Name = "Supplier Web"; Value = ""; VariantName = "[No Variations]"
Change component parameters (AddParameter): Name = "Value"; Value = "0.047uF"; VariantName = "[No Variations]"
Change component parameters: Designator = "C4" ("C4"); Footprint = "C0805"; UniqueID = "\ALZQWBMF" ("\ALZQWBMF")
Change component parameters (AddParameter): Name = "Datasheet Web"; Value = "https://content.kemet.com/datasheets/KEM_C1090_X7R_ESD.pdf"; VariantName = "[No Variations]"
Change component parameters (AddParameter): Name = "Info"; Value = "MLCC"; VariantName = "[No Variations]"
Change component parameters (AddParameter): Name = "Manufacturer"; Value = "KEMET"; VariantName = "[No Variations]"
Change component parameters (AddParameter): Name = "Manufacturer P/N"; Value = "C0805C334J3RECAUTO7210"; VariantName = "[No Variations]"
Change component parameters (AddParameter): Name = "RefDes"; Value = "RefDes"; VariantName = "[No Variations]"
Change component parameters (AddParameter): Name = "Supplier"; Value = "Digikey"; VariantName = "[No Variations]"
Change component parameters (AddParameter): Name = "Supplier P/N (Cut Tape)"; Value = "399-C0805C334J3RECAUTO7210CT-ND"; VariantName = "[No Variations]"
Change component parameters (AddParameter): Name = "Supplier P/N (Tape & Reel)"; Value = "399-C0805C334J3RECAUTO7210TR-ND"; VariantName = "[No Variations]"
Change component parameters (AddParameter): Name = "Supplier Web"; Value = "https://www.digikey.com/en/products/detail/kemet/C0805C334J3RECAUTO7210/8647991"; VariantName = "[No Variations]"
Change component parameters (AddParameter): Name = "Value"; Value = "0.33uF"; VariantName = "[No Variations]"
Change component parameters: Designator = "C5" ("C5"); Footprint = "C0805"; UniqueID = "\TIBCAIMJ" ("\TIBCAIMJ")
Change component parameters (AddParameter): Name = "Datasheet Web"; Value = "https://content.kemet.com/datasheets/KEM_C1090_X7R_ESD.pdf"; VariantName = "[No Variations]"
Change component parameters (AddParameter): Name = "Info"; Value = "MLCC"; VariantName = "[No Variations]"
Change component parameters (AddParameter): Name = "Manufacturer"; Value = "KEMET"; VariantName = "[No Variations]"
Change component parameters (AddParameter): Name = "Manufacturer P/N"; Value = "C0805C334J3RECAUTO7210"; VariantName = "[No Variations]"
Change component parameters (AddParameter): Name = "RefDes"; Value = "RefDes"; VariantName = "[No Variations]"
Change component parameters (AddParameter): Name = "Supplier"; Value = "Digikey"; VariantName = "[No Variations]"
Change component parameters (AddParameter): Name = "Supplier P/N (Cut Tape)"; Value = "399-C0805C334J3RECAUTO7210CT-ND"; VariantName = "[No Variations]"
Change component parameters (AddParameter): Name = "Supplier P/N (Tape & Reel)"; Value = "399-C0805C334J3RECAUTO7210TR-ND"; VariantName = "[No Variations]"
Change component parameters (AddParameter): Name = "Supplier Web"; Value = "https://www.digikey.com/en/products/detail/kemet/C0805C334J3RECAUTO7210/8647991"; VariantName = "[No Variations]"
Change component parameters (AddParameter): Name = "Value"; Value = "0.33uF"; VariantName = "[No Variations]"
Change component parameters: Designator = "D1" ("D1"); Footprint = "LED 0805"; UniqueID = "\WVXDRRPG" ("\WVXDRRPG")
Change component parameters (AddParameter): Name = "Datasheet Web"; Value = "https://www.we-online.com/components/products/datasheet/150080BS75000.pdf"; VariantName = "[No Variations]"
Change component parameters (AddParameter): Name = "Info"; Value = "Id = 0.5 Inom (10mA)"; VariantName = "[No Variations]"
Change component parameters (AddParameter): Name = "Manufacturer"; Value = "Würth Elektronik"; VariantName = "[No Variations]"
Change component parameters (AddParameter): Name = "Manufacturer P/N"; Value = "150080BS75000"; VariantName = "[No Variations]"
Change component parameters (AddParameter): Name = "RefDes"; Value = "RefDes"; VariantName = "[No Variations]"
Change component parameters (AddParameter): Name = "Supplier"; Value = "Digikey"; VariantName = "[No Variations]"
Change component parameters (AddParameter): Name = "Supplier P/N (Cut Tape)"; Value = "732-4982-1-ND"; VariantName = "[No Variations]"
Change component parameters (AddParameter): Name = "Supplier P/N (Tape & Reel)"; Value = "732-4982-2-ND"; VariantName = "[No Variations]"
Change component parameters (AddParameter): Name = "Supplier Web"; Value = "https://www.digikey.com/en/products/detail/w%C3%BCrth-elektronik/150080BS75000/4489912"; VariantName = "[No Variations]"
Change component parameters (AddParameter): Name = "Value"; Value = "Blue Led 0805"; VariantName = "[No Variations]"
Change component parameters: Designator = "J1" ("J1"); Footprint = "BERG-M-6V-H-INV"; UniqueID = "\TZKWJOGO" ("\TZKWJOGO")
Change component parameters (AddParameter): Name = "Datasheet Web"; Value = ""; VariantName = "[No Variations]"
Change component parameters (AddParameter): Name = "Info"; Value = ""; VariantName = "[No Variations]"
Change component parameters (AddParameter): Name = "Manufacturer"; Value = ""; VariantName = "[No Variations]"
Change component parameters (AddParameter): Name = "Manufacturer P/N"; Value = ""; VariantName = "[No Variations]"
Change component parameters (AddParameter): Name = "RefDes"; Value = "RefDes"; VariantName = "[No Variations]"
Change component parameters (AddParameter): Name = "Supplier"; Value = "Digikey"; VariantName = "[No Variations]"
Change component parameters (AddParameter): Name = "Supplier P/N (Cut Tape)"; Value = ""; VariantName = "[No Variations]"
Change component parameters (AddParameter): Name = "Supplier P/N (Tape & Reel)"; Value = ""; VariantName = "[No Variations]"
Change component parameters (AddParameter): Name = "Supplier Web"; Value = ""; VariantName = "[No Variations]"
Change component parameters (AddParameter): Name = "Value"; Value = ""; VariantName = "[No Variations]"
Change component parameters: Designator = "J2" ("J2"); Footprint = "1725698"; UniqueID = "\AKZTCIMN" ("\AKZTCIMN")
Change component parameters (AddParameter): Name = "Datasheet Web"; Value = "https://www.phoenixcontact.com/en-us/products/printed-circuit-board-terminal-mpt-05-6-254-1725698?type=pdf"; VariantName = "[No Variations]"
Change component parameters (AddParameter): Name = "Info"; Value = "Borne 6pos 6A e=2,54"; VariantName = "[No Variations]"
Change component parameters (AddParameter): Name = "Manufacturer"; Value = "Phoenix Contact"; VariantName = "[No Variations]"
Change component parameters (AddParameter): Name = "Manufacturer P/N"; Value = "1725698"; VariantName = "[No Variations]"
Change component parameters (AddParameter): Name = "RefDes"; Value = "RefDes"; VariantName = "[No Variations]"
Change component parameters (AddParameter): Name = "Supplier"; Value = "Digikey"; VariantName = "[No Variations]"
Change component parameters (AddParameter): Name = "Supplier P/N (Cut Tape)"; Value = "277-1277-ND"; VariantName = "[No Variations]"
Change component parameters (AddParameter): Name = "Supplier P/N (Tape & Reel)"; Value = "277-1277-ND"; VariantName = "[No Variations]"
Change component parameters (AddParameter): Name = "Supplier Web"; Value = "https://www.digikey.com/en/products/detail/phoenix-contact/1725698/267466"; VariantName = "[No Variations]"
Change component parameters (AddParameter): Name = "Value"; Value = "MPT 0,5/ 6-2,54"; VariantName = "[No Variations]"
Change component parameters: Designator = "JP1" ("JP1"); Footprint = "JMP-3-PTH-180"; UniqueID = "\YVJBQITR" ("\YVJBQITR")
Change component parameters (AddParameter): Name = "Datasheet Web"; Value = "https://www.we-online.com/components/products/datasheet/61300311121.pdf"; VariantName = "[No Variations]"
Change component parameters (AddParameter): Name = "Info"; Value = "0.1" Pin header 1x3"; VariantName = "[No Variations]"
Change component parameters (AddParameter): Name = "Manufacturer"; Value = "Würth Elektronik"; VariantName = "[No Variations]"
Change component parameters (AddParameter): Name = "Manufacturer P/N"; Value = "61300311121"; VariantName = "[No Variations]"
Change component parameters (AddParameter): Name = "RefDes"; Value = "RefDes"; VariantName = "[No Variations]"
Change component parameters (AddParameter): Name = "Supplier"; Value = "Digikey"; VariantName = "[No Variations]"
Change component parameters (AddParameter): Name = "Supplier P/N (Cut Tape)"; Value = "732-5316-ND"; VariantName = "[No Variations]"
Change component parameters (AddParameter): Name = "Supplier P/N (Tape & Reel)"; Value = "732-5316-ND"; VariantName = "[No Variations]"
Change component parameters (AddParameter): Name = "Supplier Web"; Value = "https://www.digikey.com/en/products/detail/w%C3%BCrth-elektronik/61300311121/4846825"; VariantName = "[No Variations]"
Change component parameters (AddParameter): Name = "Value"; Value = "Header 3 Pin"; VariantName = "[No Variations]"
Change component parameters: Designator = "R1" ("R1"); Footprint = "R0805"; UniqueID = "\ZKEMQWIM" ("\ZKEMQWIM")
Change component parameters (AddParameter): Name = "Datasheet Web"; Value = "https://www.seielect.com/catalog/sei-rncp.pdf"; VariantName = "[No Variations]"
Change component parameters (AddParameter): Name = "Info"; Value = "1% 100 PPM"; VariantName = "[No Variations]"
Change component parameters (AddParameter): Name = "Manufacturer"; Value = "Stackpole Electronics Inc"; VariantName = "[No Variations]"
Change component parameters (AddParameter): Name = "Manufacturer P/N"; Value = "RNCP0805FTD180R"; VariantName = "[No Variations]"
Change component parameters (AddParameter): Name = "RefDes"; Value = "RefDes"; VariantName = "[No Variations]"
Change component parameters (AddParameter): Name = "Supplier"; Value = "Digikey"; VariantName = "[No Variations]"
Change component parameters (AddParameter): Name = "Supplier P/N (Cut Tape)"; Value = "RNCP0805FTD180RCT-ND"; VariantName = "[No Variations]"
Change component parameters (AddParameter): Name = "Supplier P/N (Tape & Reel)"; Value = "RNCP0805FTD180RTR-ND"; VariantName = "[No Variations]"
Change component parameters (AddParameter): Name = "Supplier Web"; Value = "https://www.digikey.com/en/products/detail/stackpole-electronics-inc/RNCP0805FTD180R/2240212"; VariantName = "[No Variations]"
Change component parameters (AddParameter): Name = "Value"; Value = "180R"; VariantName = "[No Variations]"
Change component parameters: Designator = "U1" ("U1"); Footprint = "SOIC16N"; UniqueID = "\KCLFTZBS" ("\KCLFTZBS")
Change component parameters (AddParameter): Name = "Datasheet Web"; Value = ""; VariantName = "[No Variations]"
Change component parameters (AddParameter): Name = "Info"; Value = "ST3232CDR"; VariantName = "[No Variations]"
Change component parameters (AddParameter): Name = "Manufacturer"; Value = ""; VariantName = "[No Variations]"
Change component parameters (AddParameter): Name = "Manufacturer P/N"; Value = "ST3232CDR"; VariantName = "[No Variations]"
Change component parameters (AddParameter): Name = "RefDes"; Value = "RefDes"; VariantName = "[No Variations]"
Change component parameters (AddParameter): Name = "Supplier"; Value = "Digikey"; VariantName = "[No Variations]"
Change component parameters (AddParameter): Name = "Supplier P/N (Cut Tape)"; Value = ""; VariantName = "[No Variations]"
Change component parameters (AddParameter): Name = "Supplier P/N (Tape & Reel)"; Value = ""; VariantName = "[No Variations]"
Change component parameters (AddParameter): Name = "Supplier Web"; Value = ""; VariantName = "[No Variations]"
Change component parameters (AddParameter): Name = "Value"; Value = ""; VariantName = "[No Variations]"
